<?xml version="1.0" encoding="UTF-8"?>
<testng-results ignored="0" total="1" passed="1" failed="0" skipped="0">
  <reporter-output>
  </reporter-output>
  <suite started-at="2023-04-09T18:49:28Z" name="Default suite" finished-at="2023-04-09T18:49:32Z" duration-ms="3834">
    <groups>
    </groups>
    <test started-at="2023-04-09T18:49:28Z" name="Default test" finished-at="2023-04-09T18:49:32Z" duration-ms="3834">
      <class name="Com.TestCases.Baseclass">
        <test-method is-config="true" signature="setup()[pri:0, instance:Com.TestCases.Baseclass@71329995]" started-at="2023-04-09T18:49:28Z" name="setup" finished-at="2023-04-09T18:49:30Z" duration-ms="2004" status="PASS">
          <reporter-output>
          </reporter-output>
        </test-method> <!-- setup -->
        <test-method signature="setup()[pri:0, instance:Com.TestCases.Baseclass@71329995]" started-at="2023-04-09T18:49:30Z" name="setup" finished-at="2023-04-09T18:49:32Z" duration-ms="1798" status="PASS">
          <reporter-output>
          </reporter-output>
        </test-method> <!-- setup -->
      </class> <!-- Com.TestCases.Baseclass -->
    </test> <!-- Default test -->
  </suite> <!-- Default suite -->
</testng-results>
